<?xml version="1.0" encoding="UTF-8"?>
<!-- Generated by org.testng.reporters.JUnitXMLReporter -->
<testsuite hostname="DESKTOP-IVGPN1D" ignored="1" name="Default test" tests="3" failures="0" timestamp="19 Nov 2021 11:08:01 GMT" time="0.048" errors="0">
  <testcase name="Login" time="0.006" classname="Pra.PraAll"/>
  <testcase name="Inbox" time="0.002" classname="Pra.PraAll"/>
  <testcase name="CloseWindow" time="0.001" classname="Pra.PraAll"/>
  <testcase name="LogOut" time="0.0" classname="Pra.PraAll">
    <ignored/>
  </testcase> <!-- LogOut -->
</testsuite> <!-- Default test -->
