<?xml version="1.0" encoding="UTF-8"?>
<!-- Generated by org.testng.reporters.JUnitXMLReporter -->
<testsuite hostname="DESKTOP-IVGPN1D" ignored="3" tests="0" failures="0" timestamp="08 Jul 2021 16:45:34 GMT" time="0.005" errors="0">
  <testcase name="EnterUsername" time="0.0" classname="ParallerExecutionTest.LogIn">
    <ignored/>
  </testcase> <!-- EnterUsername -->
  <testcase name="ClickLogin" time="0.0" classname="ParallerExecutionTest.LogIn">
    <ignored/>
  </testcase> <!-- ClickLogin -->
  <testcase name="EnterPassword" time="0.0" classname="ParallerExecutionTest.LogIn">
    <ignored/>
  </testcase> <!-- EnterPassword -->
</testsuite>
