<?xml version="1.0" encoding="UTF-8"?>
<!-- Generated by org.testng.reporters.JUnitXMLReporter -->
<testsuite hostname="DESKTOP-IVGPN1D" ignored="0" name="ParallerExecutionTest.LogIn" tests="3" failures="0" timestamp="08 Jul 2021 16:36:15 GMT" time="0.059" errors="0">
  <testcase name="EnterPassword" time="0.013" classname="ParallerExecutionTest.LogIn"/>
  <testcase name="ClickLogin" time="0.013" classname="ParallerExecutionTest.LogIn"/>
  <testcase name="EnterUsername" time="0.004" classname="ParallerExecutionTest.LogIn"/>
</testsuite> <!-- ParallerExecutionTest.LogIn -->
