<?xml version="1.0" encoding="UTF-8"?>
<!-- Generated by org.testng.reporters.JUnitXMLReporter -->
<testsuite hostname="DESKTOP-IVGPN1D" ignored="1" name="Test" tests="2" failures="1" timestamp="18 Dec 2021 12:15:39 GMT" time="0.047" errors="0">
  <testcase name="Inbox" time="0.016" classname="testpackage.AllPra"/>
  <testcase name="Login" time="0.0" classname="testpackage.AllPra">
    <failure type="org.testng.TestNGException" message="
Parameter &amp;apos;usernam&amp;apos; is required by @Test on method Login but has not been marked @Optional or defined
in C:\Users\Sahil\eclipse-workspace\TestNGLearn\AllPra.xml">
      <![CDATA[org.testng.TestNGException: 
Parameter 'usernam' is required by @Test on method Login but has not been marked @Optional or defined
in C:\Users\Sahil\eclipse-workspace\TestNGLearn\AllPra.xml
... Removed 24 stack frames]]>
    </failure>
  </testcase> <!-- Login -->
  <testcase name="LogOut" time="0.0" classname="testpackage.AllPra">
    <ignored/>
  </testcase> <!-- LogOut -->
</testsuite> <!-- Test -->
