<?xml version="1.0" encoding="UTF-8"?>
<testng-results skipped="0" failed="1" ignored="1" total="3" passed="1">
  <reporter-output>
  </reporter-output>
  <suite name="Suite" duration-ms="47" started-at="2021-12-18T12:15:39Z" finished-at="2021-12-18T12:15:39Z">
    <groups>
    </groups>
    <test name="Test" duration-ms="47" started-at="2021-12-18T12:15:39Z" finished-at="2021-12-18T12:15:39Z">
      <class name="testpackage.AllPra">
        <test-method status="PASS" signature="Inbox()[pri:0, instance:testpackage.AllPra@7ac7a4e4]" name="Inbox" duration-ms="16" started-at="2021-12-18T12:15:39Z" finished-at="2021-12-18T12:15:39Z">
          <reporter-output>
          </reporter-output>
        </test-method> <!-- Inbox -->
        <test-method status="FAIL" signature="Login(java.lang.String, java.lang.String)[pri:1, instance:testpackage.AllPra@7ac7a4e4]" name="Login" duration-ms="0" started-at="2021-12-18T12:15:39Z" finished-at="2021-12-18T12:15:39Z">
          <exception class="org.testng.TestNGException">
            <message>
              <![CDATA[
Parameter 'usernam' is required by @Test on method Login but has not been marked @Optional or defined
in C:\Users\Sahil\eclipse-workspace\TestNGLearn\AllPra.xml]]>
            </message>
            <full-stacktrace>
              <![CDATA[org.testng.TestNGException: 
Parameter 'usernam' is required by @Test on method Login but has not been marked @Optional or defined
in C:\Users\Sahil\eclipse-workspace\TestNGLearn\AllPra.xml
at org.testng.internal.Parameters.createParams(Parameters.java:290)
at org.testng.internal.Parameters.createParametersForMethod(Parameters.java:359)
at org.testng.internal.Parameters.createParameters(Parameters.java:620)
at org.testng.internal.Parameters.handleParameters(Parameters.java:769)
at org.testng.internal.ParameterHandler.handleParameters(ParameterHandler.java:49)
at org.testng.internal.ParameterHandler.createParameters(ParameterHandler.java:37)
at org.testng.internal.Invoker.invokeTestMethods(Invoker.java:923)
at org.testng.internal.TestMethodWorker.invokeTestMethods(TestMethodWorker.java:125)
at org.testng.internal.TestMethodWorker.run(TestMethodWorker.java:109)
at org.testng.TestRunner.privateRun(TestRunner.java:648)
at org.testng.TestRunner.run(TestRunner.java:505)
at org.testng.SuiteRunner.runTest(SuiteRunner.java:455)
at org.testng.SuiteRunner.runSequentially(SuiteRunner.java:450)
at org.testng.SuiteRunner.privateRun(SuiteRunner.java:415)
at org.testng.SuiteRunner.run(SuiteRunner.java:364)
at org.testng.SuiteRunnerWorker.runSuite(SuiteRunnerWorker.java:52)
at org.testng.SuiteRunnerWorker.run(SuiteRunnerWorker.java:84)
at org.testng.TestNG.runSuitesSequentially(TestNG.java:1208)
at org.testng.TestNG.runSuitesLocally(TestNG.java:1137)
at org.testng.TestNG.runSuites(TestNG.java:1049)
at org.testng.TestNG.run(TestNG.java:1017)
at org.testng.remote.AbstractRemoteTestNG.run(AbstractRemoteTestNG.java:114)
at org.testng.remote.RemoteTestNG.initAndRun(RemoteTestNG.java:251)
at org.testng.remote.RemoteTestNG.main(RemoteTestNG.java:77)
]]>
            </full-stacktrace>
          </exception> <!-- org.testng.TestNGException -->
          <reporter-output>
          </reporter-output>
        </test-method> <!-- Login -->
      </class> <!-- testpackage.AllPra -->
    </test> <!-- Test -->
  </suite> <!-- Suite -->
</testng-results>
